<?xml version="1.0" encoding="UTF-8"?>
<!-- Generated by org.testng.reporters.JUnitReportReporter -->
<testsuite hostname="LAPTOP-MVH0O3DS" failures="0" tests="3" name="day5.XMLResponseValidation" time="2.292" errors="0" timestamp="2025-08-18T21:09:53 IST" skipped="2">
  <testcase classname="day5.XMLResponseValidation" name="usingXmlPath" time="2.292"/>
  <testcase classname="day5.XMLResponseValidation" name="xmlResponseValidation">
    <skipped/>
  </testcase> <!-- xmlResponseValidation -->
  <testcase classname="day5.XMLResponseValidation" name="xmlResponseValidationApproach2">
    <skipped/>
  </testcase> <!-- xmlResponseValidationApproach2 -->
</testsuite> <!-- day5.XMLResponseValidation -->
