<?xml version="1.0" encoding="UTF-8"?>
<!-- Generated by org.testng.reporters.JUnitReportReporter -->
<testsuite hostname="LAPTOP-MVH0O3DS" failures="0" tests="2" name="day7.SchemaValidation" time="2.022" errors="0" timestamp="2025-08-25T21:59:26 IST" skipped="1">
  <testcase classname="day7.SchemaValidation" name="xmlSchemaValidation" time="2.022"/>
  <testcase classname="day7.SchemaValidation" name="jsonSchemaValidation">
    <skipped/>
  </testcase> <!-- jsonSchemaValidation -->
</testsuite> <!-- day7.SchemaValidation -->
