<?xml version="1.0" encoding="UTF-8"?>
<!-- Generated by org.testng.reporters.JUnitReportReporter -->
<testsuite hostname="LAPTOP-MVH0O3DS" failures="0" tests="4" name="day2.DifferentWayToCreateBody" time="1.971" errors="0" timestamp="2025-08-13T02:42:19 IST" skipped="3">
  <testcase classname="day2.DifferentWayToCreateBody" name="usingExternalJsonFile" time="1.971"/>
  <testcase classname="day2.DifferentWayToCreateBody" name="postUsingOrgJson">
    <skipped/>
  </testcase> <!-- postUsingOrgJson -->
  <testcase classname="day2.DifferentWayToCreateBody" name="usingPojoClass">
    <skipped/>
  </testcase> <!-- usingPojoClass -->
  <testcase classname="day2.DifferentWayToCreateBody" name="postUsingHashMap">
    <skipped/>
  </testcase> <!-- postUsingHashMap -->
</testsuite> <!-- day2.DifferentWayToCreateBody -->
