<?xml version="1.0" encoding="UTF-8"?>
<!-- Generated by org.testng.reporters.JUnitReportReporter -->
<testsuite hostname="LAPTOP-MVH0O3DS" failures="0" tests="1" name="day3.queryAndPathParam" time="1.626" errors="0" timestamp="2025-08-13T20:15:45 IST" skipped="0">
  <testcase classname="day3.queryAndPathParam" name="queryAndPathParameter" time="1.626"/>
</testsuite> <!-- day3.queryAndPathParam -->
