<?xml version="1.0" encoding="UTF-8"?>
<!-- Generated by org.testng.reporters.JUnitReportReporter -->
<testsuite hostname="LAPTOP-MVH0O3DS" failures="0" tests="4" name="day3.cookiesAndHeaders" time="2.185" errors="0" timestamp="2025-08-13T21:58:01 IST" skipped="3">
  <testcase classname="day3.cookiesAndHeaders" name="logAllHeader" time="2.185"/>
  <testcase classname="day3.cookiesAndHeaders" name="singgleAndMultipleHeaders">
    <skipped/>
  </testcase> <!-- singgleAndMultipleHeaders -->
  <testcase classname="day3.cookiesAndHeaders" name="singleCookie">
    <skipped/>
  </testcase> <!-- singleCookie -->
  <testcase classname="day3.cookiesAndHeaders" name="multipleCookie">
    <skipped/>
  </testcase> <!-- multipleCookie -->
</testsuite> <!-- day3.cookiesAndHeaders -->
