<?xml version="1.0" encoding="UTF-8"?>
<!-- Generated by org.testng.reporters.JUnitReportReporter -->
<testsuite hostname="LAPTOP-MVH0O3DS" failures="0" tests="1" name="day2.DifferentWayToCreateBody" time="2.243" errors="0" timestamp="2025-08-12T00:04:02 IST" skipped="0">
  <testcase classname="day2.DifferentWayToCreateBody" name="postUsingHashMap" time="2.243"/>
</testsuite> <!-- day2.DifferentWayToCreateBody -->
