<?xml version="1.0" encoding="UTF-8"?>
<!-- Generated by org.testng.reporters.JUnitReportReporter -->
<testsuite hostname="LAPTOP-MVH0O3DS" failures="0" tests="1" name="day4.parsingJsonResponseData" time="2.856" errors="0" timestamp="2025-08-14T01:43:03 IST" skipped="0">
  <testcase classname="day4.parsingJsonResponseData" name="parsingJsonRessponseData" time="2.856"/>
</testsuite> <!-- day4.parsingJsonResponseData -->
